<?xml version="1.0" encoding="UTF-8" ?>
<testsuite tests="22" failures="0" name="com.qa.persistence.domain.ItemsTest" time="0" errors="0" skipped="0">
  <properties>
[...]
</properties>
  <testcase classname="com.qa.persistence.domain.ItemsTest" name="checkEqualityBetweenDifferentObjectsNullName" time="0"/>
  <testcase classname="com.qa.persistence.domain.ItemsTest" name="constructorWithoutId" time="0"/>
  <testcase classname="com.qa.persistence.domain.ItemsTest" name="itemNameNullButOtherNameNotNull" time="0"/>
  <testcase classname="com.qa.persistence.domain.ItemsTest" name="checkEqualityBetweenDifferentObjects" time="0"/>
  <testcase classname="com.qa.persistence.domain.ItemsTest" name="checkEquality" time="0"/>
  <testcase classname="com.qa.persistence.domain.ItemsTest" name="otherPriceDifferent" time="0"/>
  <testcase classname="com.qa.persistence.domain.ItemsTest" name="nullId" time="0"/>
  <testcase classname="com.qa.persistence.domain.ItemsTest" name="equalsWithNull" time="0"/>
  <testcase classname="com.qa.persistence.domain.ItemsTest" name="nullStockOnBoth" time="0"/>
  <testcase classname="com.qa.persistence.domain.ItemsTest" name="createItemWithId" time="0"/>
  <testcase classname="com.qa.persistence.domain.ItemsTest" name="otherStockDifferent" time="0"/>
  <testcase classname="com.qa.persistence.domain.ItemsTest" name="equalsWithDifferentObject" time="0"/>
  <testcase classname="com.qa.persistence.domain.ItemsTest" name="toStringTest" time="0"/>
  <testcase classname="com.qa.persistence.domain.ItemsTest" name="settersTest" time="0"/>
  <testcase classname="com.qa.persistence.domain.ItemsTest" name="nulldOnBoth" time="0"/>
  <testcase classname="com.qa.persistence.domain.ItemsTest" name="nullPrice" time="0"/>
  <testcase classname="com.qa.persistence.domain.ItemsTest" name="nullStock" time="0"/>
  <testcase classname="com.qa.persistence.domain.ItemsTest" name="itemNamesNotEqual" time="0"/>
  <testcase classname="com.qa.persistence.domain.ItemsTest" name="hashCodeTest" time="0"/>
  <testcase classname="com.qa.persistence.domain.ItemsTest" name="hashCodeTestWithNull" time="0"/>
  <testcase classname="com.qa.persistence.domain.ItemsTest" name="nullPriceOnBoth" time="0"/>
  <testcase classname="com.qa.persistence.domain.ItemsTest" name="otherIdDifferent" time="0"/>
</testsuite>